{"/home/omar/code401/codeChallenge/array-insert-shift/index.js": {"path":"/home/omar/code401/codeChallenge/array-insert-shift/index.js","statementMap":{"0":{"start":{"line":7,"column":25},"end":{"line":19,"column":1}},"1":{"start":{"line":8,"column":15},"end":{"line":8,"column":17}},"2":{"start":{"line":10,"column":15},"end":{"line":10,"column":74}},"3":{"start":{"line":11,"column":2},"end":{"line":17,"column":5}},"4":{"start":{"line":12,"column":4},"end":{"line":12,"column":25}},"5":{"start":{"line":14,"column":4},"end":{"line":16,"column":5}},"6":{"start":{"line":15,"column":6},"end":{"line":15,"column":25}},"7":{"start":{"line":18,"column":2},"end":{"line":18,"column":16}},"8":{"start":{"line":21,"column":0},"end":{"line":21,"column":45}},"9":{"start":{"line":23,"column":0},"end":{"line":23,"column":34}}},"fnMap":{"0":{"name":"(anonymous_0)","decl":{"start":{"line":7,"column":25},"end":{"line":7,"column":26}},"loc":{"start":{"line":7,"column":41},"end":{"line":19,"column":1}},"line":7},"1":{"name":"(anonymous_1)","decl":{"start":{"line":11,"column":14},"end":{"line":11,"column":15}},"loc":{"start":{"line":11,"column":34},"end":{"line":17,"column":3}},"line":11}},"branchMap":{"0":{"loc":{"start":{"line":10,"column":15},"end":{"line":10,"column":74}},"type":"cond-expr","locations":[{"start":{"line":10,"column":28},"end":{"line":10,"column":53}},{"start":{"line":10,"column":56},"end":{"line":10,"column":74}}],"line":10},"1":{"loc":{"start":{"line":14,"column":4},"end":{"line":16,"column":5}},"type":"if","locations":[{"start":{"line":14,"column":4},"end":{"line":16,"column":5}},{"start":{"line":14,"column":4},"end":{"line":16,"column":5}}],"line":14}},"s":{"0":1,"1":4,"2":4,"3":4,"4":8,"5":8,"6":3,"7":4,"8":1,"9":1},"f":{"0":4,"1":8},"b":{"0":[3,1],"1":[3,5]},"_coverageSchema":"1a1c01bbd47fc00a2c39e90264f33305004495a9","hash":"3c3534e9f144fb6f89ca6929ee1bf69d9d2ee26f"}
}
